[2017-04-21 07:52:17 +0000] [13744] [INFO] Starting gunicorn 19.7.1
[2017-04-21 07:52:17 +0000] [13744] [INFO] Listening at: http://0.0.0.0:80 (13744)
[2017-04-21 07:52:17 +0000] [13744] [INFO] Using worker: sync
[2017-04-21 07:52:17 +0000] [13749] [INFO] Booting worker with pid: 13749
[2017-04-21 07:52:17 +0000] [13750] [INFO] Booting worker with pid: 13750
[2017-04-21 07:52:17 +0000] [13751] [INFO] Booting worker with pid: 13751
[2017-04-21 07:52:18 +0000] [13752] [INFO] Booting worker with pid: 13752
[2017-04-21 17:26:02 +0800] [3799] [INFO] Starting gunicorn 19.7.1
[2017-04-21 17:26:02 +0800] [3799] [ERROR] Connection in use: ('0.0.0.0', 80)
[2017-04-21 17:26:02 +0800] [3799] [ERROR] Retrying in 1 second.
[2017-04-21 17:26:03 +0800] [3799] [ERROR] Connection in use: ('0.0.0.0', 80)
[2017-04-21 17:26:03 +0800] [3799] [ERROR] Retrying in 1 second.
[2017-04-21 17:26:04 +0800] [3799] [ERROR] Connection in use: ('0.0.0.0', 80)
[2017-04-21 17:26:04 +0800] [3799] [ERROR] Retrying in 1 second.
[2017-04-21 17:26:05 +0800] [3799] [ERROR] Connection in use: ('0.0.0.0', 80)
[2017-04-21 17:26:05 +0800] [3799] [ERROR] Retrying in 1 second.
[2017-04-21 17:26:06 +0800] [3799] [ERROR] Connection in use: ('0.0.0.0', 80)
[2017-04-21 17:26:06 +0800] [3799] [ERROR] Retrying in 1 second.
[2017-04-21 17:26:07 +0800] [3799] [ERROR] Can't connect to ('0.0.0.0', 80)
[2017-04-21 17:26:30 +0800] [3812] [INFO] Starting gunicorn 19.7.1
[2017-04-21 17:26:30 +0800] [3812] [INFO] Listening at: http://0.0.0.0:80 (3812)
[2017-04-21 17:26:30 +0800] [3812] [INFO] Using worker: sync
[2017-04-21 17:26:30 +0800] [3815] [INFO] Booting worker with pid: 3815
[2017-04-21 17:26:30 +0800] [3816] [INFO] Booting worker with pid: 3816
[2017-04-21 17:26:30 +0800] [3817] [INFO] Booting worker with pid: 3817
[2017-04-21 17:26:30 +0800] [3818] [INFO] Booting worker with pid: 3818
[2017-04-21 17:28:25 +0800] [3812] [INFO] Handling signal: term
[2017-04-21 17:28:25 +0800] [3816] [INFO] Worker exiting (pid: 3816)
[{'name': 'J.T.Peterson - Tales of Neverland（inspiring).mp3'}]
[2017-04-21 17:28:25 +0800] [3817] [INFO] Worker exiting (pid: 3817)
[{'name': 'J.T.Peterson - Tales of Neverland（inspiring).mp3'}]
[{'name': 'J.T.Peterson - Tales of Neverland（inspiring).mp3'}]
[{'name': 'J.T.Peterson - Tales of Neverland（inspiring).mp3'}]
[2017-04-21 17:28:25 +0800] [3818] [INFO] Worker exiting (pid: 3818)
[{'name': 'J.T.Peterson - Tales of Neverland（inspiring).mp3'}]
[2017-04-21 17:28:25 +0800] [3815] [INFO] Worker exiting (pid: 3815)
[2017-04-21 17:28:25 +0800] [3812] [INFO] Shutting down: Master
[2017-04-21 17:28:29 +0800] [3847] [INFO] Starting gunicorn 19.7.1
[2017-04-21 17:28:29 +0800] [3847] [INFO] Listening at: http://0.0.0.0:80 (3847)
[2017-04-21 17:28:29 +0800] [3847] [INFO] Using worker: sync
[2017-04-21 17:28:29 +0800] [3850] [INFO] Booting worker with pid: 3850
[2017-04-21 17:28:29 +0800] [3851] [INFO] Booting worker with pid: 3851
[2017-04-21 17:28:29 +0800] [3852] [INFO] Booting worker with pid: 3852
[2017-04-21 17:28:29 +0800] [3853] [INFO] Booting worker with pid: 3853
[2017-04-21 17:29:16 +0800] [3847] [INFO] Handling signal: term
[2017-04-21 17:29:16 +0800] [3850] [INFO] Worker exiting (pid: 3850)
[{'name': 'J.T.Peterson - Tales of Neverland（inspiring).mp3'}]
[2017-04-21 17:29:16 +0800] [3851] [INFO] Worker exiting (pid: 3851)
[{'name': 'J.T.Peterson - Tales of Neverland（inspiring).mp3'}]
[{'name': 'J.T.Peterson - Tales of Neverland（inspiring).mp3'}]
[{'name': 'J.T.Peterson - Tales of Neverland（inspiring).mp3'}]
[2017-04-21 17:29:16 +0800] [3852] [INFO] Worker exiting (pid: 3852)
[2017-04-21 17:29:16 +0800] [3853] [INFO] Worker exiting (pid: 3853)
[2017-04-21 17:29:16 +0800] [3847] [INFO] Shutting down: Master
[2017-04-21 17:29:20 +0800] [3876] [INFO] Starting gunicorn 19.7.1
[2017-04-21 17:29:20 +0800] [3876] [INFO] Listening at: http://0.0.0.0:80 (3876)
[2017-04-21 17:29:20 +0800] [3876] [INFO] Using worker: sync
[2017-04-21 17:29:20 +0800] [3879] [INFO] Booting worker with pid: 3879
[2017-04-21 17:29:20 +0800] [3880] [INFO] Booting worker with pid: 3880
[2017-04-21 17:29:20 +0800] [3881] [INFO] Booting worker with pid: 3881
[2017-04-21 17:29:20 +0800] [3882] [INFO] Booting worker with pid: 3882
[2017-04-21 17:30:19 +0800] [3876] [INFO] Handling signal: term
[2017-04-21 17:30:19 +0800] [3880] [INFO] Worker exiting (pid: 3880)
[2017-04-21 17:30:19 +0800] [3881] [INFO] Worker exiting (pid: 3881)
[{'name': 'J.T.Peterson - Tales of Neverland（inspiring).mp3'}]
[{'name': 'J.T.Peterson - Tales of Neverland（inspiring).mp3'}]
[2017-04-21 17:30:19 +0800] [3882] [INFO] Worker exiting (pid: 3882)
[2017-04-21 17:30:19 +0800] [3879] [INFO] Worker exiting (pid: 3879)
[{'name': 'J.T.Peterson - Tales of Neverland（inspiring).mp3'}]
[{'name': 'J.T.Peterson - Tales of Neverland（inspiring).mp3'}]
[2017-04-21 17:30:19 +0800] [3876] [INFO] Shutting down: Master
[2017-04-21 17:30:23 +0800] [3898] [INFO] Starting gunicorn 19.7.1
[2017-04-21 17:30:23 +0800] [3898] [INFO] Listening at: http://0.0.0.0:80 (3898)
[2017-04-21 17:30:23 +0800] [3898] [INFO] Using worker: sync
[2017-04-21 17:30:23 +0800] [3901] [INFO] Booting worker with pid: 3901
[2017-04-21 17:30:23 +0800] [3902] [INFO] Booting worker with pid: 3902
[2017-04-21 17:30:23 +0800] [3903] [INFO] Booting worker with pid: 3903
[2017-04-21 17:30:23 +0800] [3904] [INFO] Booting worker with pid: 3904
[2017-04-21 17:30:34 +0800] [3898] [INFO] Handling signal: term
[2017-04-21 17:30:34 +0800] [3904] [INFO] Worker exiting (pid: 3904)
[2017-04-21 17:30:34 +0800] [3901] [INFO] Worker exiting (pid: 3901)
[{'name': 'J.T.Peterson - Tales of Neverland（inspiring).mp3'}]
[{'name': 'J.T.Peterson - Tales of Neverland（inspiring).mp3'}]
[2017-04-21 17:30:34 +0800] [3902] [INFO] Worker exiting (pid: 3902)
[2017-04-21 17:30:34 +0800] [3903] [INFO] Worker exiting (pid: 3903)
[2017-04-21 17:30:34 +0800] [3898] [INFO] Shutting down: Master
[2017-04-21 17:30:38 +0800] [3914] [INFO] Starting gunicorn 19.7.1
[2017-04-21 17:30:38 +0800] [3914] [INFO] Listening at: http://0.0.0.0:80 (3914)
[2017-04-21 17:30:38 +0800] [3914] [INFO] Using worker: sync
[2017-04-21 17:30:38 +0800] [3918] [INFO] Booting worker with pid: 3918
[2017-04-21 17:30:38 +0800] [3919] [INFO] Booting worker with pid: 3919
[2017-04-21 17:30:38 +0800] [3920] [INFO] Booting worker with pid: 3920
[2017-04-21 17:30:38 +0800] [3921] [INFO] Booting worker with pid: 3921
[2017-04-21 17:31:20 +0800] [3914] [INFO] Handling signal: term
[2017-04-21 17:31:20 +0800] [3920] [INFO] Worker exiting (pid: 3920)
[2017-04-21 17:31:20 +0800] [3921] [INFO] Worker exiting (pid: 3921)
[2017-04-21 17:31:20 +0800] [3918] [INFO] Worker exiting (pid: 3918)
[{'name': 'J.T.Peterson - Tales of Neverland（inspiring).mp3'}]
[{'name': 'J.T.Peterson - Tales of Neverland（inspiring).mp3'}]
[2017-04-21 17:31:20 +0800] [3919] [INFO] Worker exiting (pid: 3919)
[2017-04-21 17:31:21 +0800] [3914] [INFO] Shutting down: Master
[2017-04-21 17:31:24 +0800] [3935] [INFO] Starting gunicorn 19.7.1
[2017-04-21 17:31:24 +0800] [3935] [INFO] Listening at: http://0.0.0.0:80 (3935)
[2017-04-21 17:31:24 +0800] [3935] [INFO] Using worker: sync
[2017-04-21 17:31:24 +0800] [3938] [INFO] Booting worker with pid: 3938
[2017-04-21 17:31:24 +0800] [3939] [INFO] Booting worker with pid: 3939
[2017-04-21 17:31:24 +0800] [3941] [INFO] Booting worker with pid: 3941
[2017-04-21 17:31:24 +0800] [3940] [INFO] Booting worker with pid: 3940
[2017-04-21 17:32:20 +0800] [3935] [INFO] Handling signal: term
[2017-04-21 17:32:20 +0800] [3938] [INFO] Worker exiting (pid: 3938)
[{'name': 'J.T.Peterson - Tales of Neverland（inspiring).mp3'}]
[2017-04-21 17:32:20 +0800] [3939] [INFO] Worker exiting (pid: 3939)
[2017-04-21 17:32:20 +0800] [3940] [INFO] Worker exiting (pid: 3940)
[2017-04-21 17:32:20 +0800] [3941] [INFO] Worker exiting (pid: 3941)
[{'name': 'J.T.Peterson - Tales of Neverland（inspiring).mp3'}]
[2017-04-21 17:32:21 +0800] [3935] [INFO] Shutting down: Master
[2017-04-21 17:32:24 +0800] [3956] [INFO] Starting gunicorn 19.7.1
[2017-04-21 17:32:24 +0800] [3956] [INFO] Listening at: http://0.0.0.0:80 (3956)
[2017-04-21 17:32:24 +0800] [3956] [INFO] Using worker: sync
[2017-04-21 17:32:24 +0800] [3959] [INFO] Booting worker with pid: 3959
[2017-04-21 17:32:24 +0800] [3960] [INFO] Booting worker with pid: 3960
[2017-04-21 17:32:24 +0800] [3961] [INFO] Booting worker with pid: 3961
[2017-04-21 17:32:24 +0800] [3962] [INFO] Booting worker with pid: 3962
[2017-04-21 17:32:47 +0800] [3956] [INFO] Handling signal: term
[2017-04-21 17:32:47 +0800] [3960] [INFO] Worker exiting (pid: 3960)
[2017-04-21 17:32:47 +0800] [3961] [INFO] Worker exiting (pid: 3961)
[{'name': 'J.T.Peterson - Tales of Neverland（inspiring).mp3'}]
[2017-04-21 17:32:47 +0800] [3962] [INFO] Worker exiting (pid: 3962)
[2017-04-21 17:32:47 +0800] [3959] [INFO] Worker exiting (pid: 3959)
[{'name': 'J.T.Peterson - Tales of Neverland（inspiring).mp3'}]
[{'name': 'J.T.Peterson - Tales of Neverland（inspiring).mp3'}]
[2017-04-21 17:32:47 +0800] [3956] [INFO] Shutting down: Master
[2017-04-21 17:32:51 +0800] [3974] [INFO] Starting gunicorn 19.7.1
[2017-04-21 17:32:51 +0800] [3974] [INFO] Listening at: http://0.0.0.0:80 (3974)
[2017-04-21 17:32:51 +0800] [3974] [INFO] Using worker: sync
[2017-04-21 17:32:51 +0800] [3977] [INFO] Booting worker with pid: 3977
[2017-04-21 17:32:51 +0800] [3978] [INFO] Booting worker with pid: 3978
[2017-04-21 17:32:51 +0800] [3979] [INFO] Booting worker with pid: 3979
[2017-04-21 17:32:51 +0800] [3980] [INFO] Booting worker with pid: 3980
[2017-04-21 17:33:44 +0800] [3974] [INFO] Handling signal: term
[2017-04-21 17:33:44 +0800] [3978] [INFO] Worker exiting (pid: 3978)
[2017-04-21 17:33:44 +0800] [3979] [INFO] Worker exiting (pid: 3979)
[2017-04-21 17:33:44 +0800] [3980] [INFO] Worker exiting (pid: 3980)
[2017-04-21 17:33:44 +0800] [3977] [INFO] Worker exiting (pid: 3977)
[{'name': 'J.T.Peterson - Tales of Neverland（inspiring).mp3'}]
[{'name': 'J.T.Peterson - Tales of Neverland（inspiring).mp3'}]
[2017-04-21 17:33:44 +0800] [3974] [INFO] Shutting down: Master
[2017-04-21 17:33:48 +0800] [3996] [INFO] Starting gunicorn 19.7.1
[2017-04-21 17:33:48 +0800] [3996] [INFO] Listening at: http://0.0.0.0:80 (3996)
[2017-04-21 17:33:48 +0800] [3996] [INFO] Using worker: sync
[2017-04-21 17:33:48 +0800] [4000] [INFO] Booting worker with pid: 4000
[2017-04-21 17:33:48 +0800] [3999] [INFO] Booting worker with pid: 3999
[2017-04-21 17:33:48 +0800] [4001] [INFO] Booting worker with pid: 4001
[2017-04-21 17:33:48 +0800] [4002] [INFO] Booting worker with pid: 4002
[2017-04-21 17:35:33 +0800] [3996] [INFO] Handling signal: term
[2017-04-21 17:35:33 +0800] [4001] [INFO] Worker exiting (pid: 4001)
[2017-04-21 17:35:33 +0800] [4002] [INFO] Worker exiting (pid: 4002)
[{'name': 'J.T.Peterson - Tales of Neverland（inspiring).mp3'}]
[2017-04-21 17:35:33 +0800] [3999] [INFO] Worker exiting (pid: 3999)
[{'name': 'J.T.Peterson - Tales of Neverland（inspiring).mp3'}]
[2017-04-21 17:35:33 +0800] [4000] [INFO] Worker exiting (pid: 4000)
[2017-04-21 17:35:33 +0800] [3996] [INFO] Shutting down: Master
[2017-04-21 17:35:37 +0800] [4020] [INFO] Starting gunicorn 19.7.1
[2017-04-21 17:35:37 +0800] [4020] [INFO] Listening at: http://0.0.0.0:80 (4020)
[2017-04-21 17:35:37 +0800] [4020] [INFO] Using worker: sync
[2017-04-21 17:35:37 +0800] [4023] [INFO] Booting worker with pid: 4023
[2017-04-21 17:35:37 +0800] [4024] [INFO] Booting worker with pid: 4024
[2017-04-21 17:35:37 +0800] [4025] [INFO] Booting worker with pid: 4025
[2017-04-21 17:35:37 +0800] [4026] [INFO] Booting worker with pid: 4026
[2017-04-21 17:35:56 +0800] [4020] [INFO] Handling signal: term
[2017-04-21 17:35:56 +0800] [4024] [INFO] Worker exiting (pid: 4024)
[2017-04-21 17:35:56 +0800] [4025] [INFO] Worker exiting (pid: 4025)
[2017-04-21 17:35:56 +0800] [4026] [INFO] Worker exiting (pid: 4026)
[2017-04-21 17:35:56 +0800] [4023] [INFO] Worker exiting (pid: 4023)
[{'name': 'J.T.Peterson - Tales of Neverland（inspiring).mp3'}]
[{'name': 'J.T.Peterson - Tales of Neverland（inspiring).mp3'}]
[2017-04-21 17:35:56 +0800] [4020] [INFO] Shutting down: Master
[2017-04-21 17:36:00 +0800] [4039] [INFO] Starting gunicorn 19.7.1
[2017-04-21 17:36:00 +0800] [4039] [INFO] Listening at: http://0.0.0.0:80 (4039)
[2017-04-21 17:36:00 +0800] [4039] [INFO] Using worker: sync
[2017-04-21 17:36:00 +0800] [4042] [INFO] Booting worker with pid: 4042
[2017-04-21 17:36:00 +0800] [4043] [INFO] Booting worker with pid: 4043
[2017-04-21 17:36:00 +0800] [4044] [INFO] Booting worker with pid: 4044
[2017-04-21 17:36:00 +0800] [4045] [INFO] Booting worker with pid: 4045
[2017-04-21 17:36:11 +0800] [4039] [INFO] Handling signal: term
[2017-04-21 17:36:11 +0800] [4042] [INFO] Worker exiting (pid: 4042)
[{'name': 'J.T.Peterson - Tales of Neverland（inspiring).mp3'}]
[2017-04-21 17:36:11 +0800] [4043] [INFO] Worker exiting (pid: 4043)
[{'name': 'J.T.Peterson - Tales of Neverland（inspiring).mp3'}]
[2017-04-21 17:36:11 +0800] [4044] [INFO] Worker exiting (pid: 4044)
[{'name': 'J.T.Peterson - Tales of Neverland（inspiring).mp3'}]
[{'name': 'J.T.Peterson - Tales of Neverland（inspiring).mp3'}]
[2017-04-21 17:36:11 +0800] [4045] [INFO] Worker exiting (pid: 4045)
[2017-04-21 17:36:11 +0800] [4039] [INFO] Shutting down: Master
[2017-04-21 17:36:15 +0800] [4055] [INFO] Starting gunicorn 19.7.1
[2017-04-21 17:36:15 +0800] [4055] [INFO] Listening at: http://0.0.0.0:80 (4055)
[2017-04-21 17:36:15 +0800] [4055] [INFO] Using worker: sync
[2017-04-21 17:36:15 +0800] [4058] [INFO] Booting worker with pid: 4058
[2017-04-21 17:36:15 +0800] [4059] [INFO] Booting worker with pid: 4059
[2017-04-21 17:36:15 +0800] [4061] [INFO] Booting worker with pid: 4061
[2017-04-21 17:36:15 +0800] [4060] [INFO] Booting worker with pid: 4060
[2017-04-21 17:39:06 +0800] [4055] [INFO] Handling signal: term
[2017-04-21 17:39:06 +0800] [4058] [INFO] Worker exiting (pid: 4058)
[2017-04-21 17:39:06 +0800] [4059] [INFO] Worker exiting (pid: 4059)
[2017-04-21 17:39:06 +0800] [4060] [INFO] Worker exiting (pid: 4060)
[2017-04-21 17:39:06 +0800] [4061] [INFO] Worker exiting (pid: 4061)
[2017-04-21 17:39:06 +0800] [4055] [INFO] Shutting down: Master
[2017-04-21 17:39:10 +0800] [4113] [INFO] Starting gunicorn 19.7.1
[2017-04-21 17:39:10 +0800] [4113] [INFO] Listening at: http://0.0.0.0:80 (4113)
[2017-04-21 17:39:10 +0800] [4113] [INFO] Using worker: sync
[2017-04-21 17:39:10 +0800] [4116] [INFO] Booting worker with pid: 4116
[2017-04-21 17:39:10 +0800] [4117] [INFO] Booting worker with pid: 4117
[2017-04-21 17:39:10 +0800] [4118] [INFO] Booting worker with pid: 4118
[2017-04-21 17:39:10 +0800] [4119] [INFO] Booting worker with pid: 4119
[2017-04-21 17:39:38 +0800] [4113] [INFO] Handling signal: term
[2017-04-21 17:39:38 +0800] [4116] [INFO] Worker exiting (pid: 4116)
[{'name': 'J.T.Peterson - Tales of Neverland（inspiring).mp3'}]
[2017-04-21 17:39:38 +0800] [4117] [INFO] Worker exiting (pid: 4117)
[2017-04-21 17:39:38 +0800] [4118] [INFO] Worker exiting (pid: 4118)
[2017-04-21 17:39:38 +0800] [4119] [INFO] Worker exiting (pid: 4119)
[{'name': 'J.T.Peterson - Tales of Neverland（inspiring).mp3'}]
[2017-04-21 17:39:38 +0800] [4113] [INFO] Shutting down: Master
[2017-04-21 17:39:42 +0800] [4132] [INFO] Starting gunicorn 19.7.1
[2017-04-21 17:39:42 +0800] [4132] [INFO] Listening at: http://0.0.0.0:80 (4132)
[2017-04-21 17:39:42 +0800] [4132] [INFO] Using worker: sync
[2017-04-21 17:39:42 +0800] [4135] [INFO] Booting worker with pid: 4135
[2017-04-21 17:39:42 +0800] [4136] [INFO] Booting worker with pid: 4136
[2017-04-21 17:39:42 +0800] [4137] [INFO] Booting worker with pid: 4137
[2017-04-21 17:39:42 +0800] [4138] [INFO] Booting worker with pid: 4138
[2017-04-21 17:41:17 +0800] [4132] [INFO] Handling signal: term
[2017-04-21 17:41:17 +0800] [4136] [INFO] Worker exiting (pid: 4136)
[2017-04-21 17:41:17 +0800] [4137] [INFO] Worker exiting (pid: 4137)
[2017-04-21 17:41:17 +0800] [4138] [INFO] Worker exiting (pid: 4138)
[2017-04-21 17:41:17 +0800] [4135] [INFO] Worker exiting (pid: 4135)
[{'name': 'J.T.Peterson - Tales of Neverland（inspiring).mp3'}]
[{'name': 'J.T.Peterson - Tales of Neverland（inspiring).mp3'}]
[{'name': 'J.T.Peterson - Tales of Neverland（inspiring).mp3'}]
[2017-04-21 17:41:17 +0800] [4132] [INFO] Shutting down: Master
[2017-04-21 17:41:21 +0800] [4157] [INFO] Starting gunicorn 19.7.1
[2017-04-21 17:41:21 +0800] [4157] [INFO] Listening at: http://0.0.0.0:80 (4157)
[2017-04-21 17:41:21 +0800] [4157] [INFO] Using worker: sync
[2017-04-21 17:41:21 +0800] [4160] [INFO] Booting worker with pid: 4160
[2017-04-21 17:41:21 +0800] [4161] [INFO] Booting worker with pid: 4161
[2017-04-21 17:41:21 +0800] [4162] [INFO] Booting worker with pid: 4162
[2017-04-21 17:41:21 +0800] [4163] [INFO] Booting worker with pid: 4163
[2017-04-21 17:41:46 +0800] [4157] [INFO] Handling signal: term
[2017-04-21 17:41:46 +0800] [4162] [INFO] Worker exiting (pid: 4162)
[2017-04-21 17:41:46 +0800] [4160] [INFO] Worker exiting (pid: 4160)
[{'name': 'J.T.Peterson - Tales of Neverland（inspiring).mp3'}]
[{'name': 'J.T.Peterson - Tales of Neverland（inspiring).mp3'}]
[2017-04-21 17:41:46 +0800] [4161] [INFO] Worker exiting (pid: 4161)
[2017-04-21 17:41:46 +0800] [4163] [INFO] Worker exiting (pid: 4163)
[2017-04-21 17:41:46 +0800] [4157] [INFO] Shutting down: Master
[2017-04-21 17:41:49 +0800] [4175] [INFO] Starting gunicorn 19.7.1
[2017-04-21 17:41:49 +0800] [4175] [INFO] Listening at: http://0.0.0.0:80 (4175)
[2017-04-21 17:41:49 +0800] [4175] [INFO] Using worker: sync
[2017-04-21 17:41:49 +0800] [4178] [INFO] Booting worker with pid: 4178
[2017-04-21 17:41:50 +0800] [4179] [INFO] Booting worker with pid: 4179
[2017-04-21 17:41:50 +0800] [4180] [INFO] Booting worker with pid: 4180
[2017-04-21 17:41:50 +0800] [4181] [INFO] Booting worker with pid: 4181
[2017-04-21 17:42:48 +0800] [4175] [INFO] Handling signal: term
[2017-04-21 17:42:48 +0800] [4178] [INFO] Worker exiting (pid: 4178)
[{'name': 'J.T.Peterson - Tales of Neverland（inspiring).mp3'}]
[2017-04-21 17:42:48 +0800] [4179] [INFO] Worker exiting (pid: 4179)
[{'name': 'J.T.Peterson - Tales of Neverland（inspiring).mp3'}]
[2017-04-21 17:42:48 +0800] [4180] [INFO] Worker exiting (pid: 4180)
[2017-04-21 17:42:48 +0800] [4181] [INFO] Worker exiting (pid: 4181)
[2017-04-21 17:42:48 +0800] [4175] [INFO] Shutting down: Master
[2017-04-21 17:42:52 +0800] [4197] [INFO] Starting gunicorn 19.7.1
[2017-04-21 17:42:52 +0800] [4197] [INFO] Listening at: http://0.0.0.0:80 (4197)
[2017-04-21 17:42:52 +0800] [4197] [INFO] Using worker: sync
[2017-04-21 17:42:52 +0800] [4200] [INFO] Booting worker with pid: 4200
[2017-04-21 17:42:52 +0800] [4201] [INFO] Booting worker with pid: 4201
[2017-04-21 17:42:52 +0800] [4202] [INFO] Booting worker with pid: 4202
[2017-04-21 17:42:52 +0800] [4203] [INFO] Booting worker with pid: 4203
[2017-04-21 17:45:23 +0800] [4197] [INFO] Handling signal: term
[2017-04-21 17:45:23 +0800] [4201] [INFO] Worker exiting (pid: 4201)
[{'name': 'J.T.Peterson - Tales of Neverland（inspiring).mp3'}]
[{'name': 'J.T.Peterson - Tales of Neverland（inspiring).mp3'}]
[2017-04-21 17:45:23 +0800] [4202] [INFO] Worker exiting (pid: 4202)
[{'name': 'J.T.Peterson - Tales of Neverland（inspiring).mp3'}]
[{'name': 'J.T.Peterson - Tales of Neverland（inspiring).mp3'}]
[2017-04-21 17:45:23 +0800] [4203] [INFO] Worker exiting (pid: 4203)
[2017-04-21 17:45:23 +0800] [4200] [INFO] Worker exiting (pid: 4200)
[2017-04-21 17:45:23 +0800] [4197] [INFO] Shutting down: Master
[2017-04-21 17:45:27 +0800] [4279] [INFO] Starting gunicorn 19.7.1
[2017-04-21 17:45:27 +0800] [4279] [INFO] Listening at: http://0.0.0.0:80 (4279)
[2017-04-21 17:45:27 +0800] [4279] [INFO] Using worker: sync
[2017-04-21 17:45:27 +0800] [4282] [INFO] Booting worker with pid: 4282
[2017-04-21 17:45:27 +0800] [4283] [INFO] Booting worker with pid: 4283
[2017-04-21 17:45:27 +0800] [4284] [INFO] Booting worker with pid: 4284
[2017-04-21 17:45:27 +0800] [4285] [INFO] Booting worker with pid: 4285
[2017-04-21 17:47:02 +0800] [4279] [INFO] Handling signal: term
[2017-04-21 17:47:02 +0800] [4282] [INFO] Worker exiting (pid: 4282)
[{'name': 'J.T.Peterson - Tales of Neverland（inspiring).mp3'}]
[{'name': 'J.T.Peterson - Tales of Neverland（inspiring).mp3'}]
[2017-04-21 17:47:02 +0800] [4283] [INFO] Worker exiting (pid: 4283)
[2017-04-21 17:47:02 +0800] [4284] [INFO] Worker exiting (pid: 4284)
[2017-04-21 17:47:02 +0800] [4285] [INFO] Worker exiting (pid: 4285)
[2017-04-21 17:47:02 +0800] [4279] [INFO] Shutting down: Master
[2017-04-21 17:47:05 +0800] [4304] [INFO] Starting gunicorn 19.7.1
[2017-04-21 17:47:05 +0800] [4304] [INFO] Listening at: http://0.0.0.0:80 (4304)
[2017-04-21 17:47:05 +0800] [4304] [INFO] Using worker: sync
[2017-04-21 17:47:05 +0800] [4307] [INFO] Booting worker with pid: 4307
[2017-04-21 17:47:06 +0800] [4308] [INFO] Booting worker with pid: 4308
[2017-04-21 17:47:06 +0800] [4309] [INFO] Booting worker with pid: 4309
[2017-04-21 17:47:06 +0800] [4310] [INFO] Booting worker with pid: 4310
[2017-04-21 17:49:18 +0800] [4304] [INFO] Handling signal: term
[2017-04-21 17:49:18 +0800] [4307] [INFO] Worker exiting (pid: 4307)
[{'name': 'J.T.Peterson - Tales of Neverland（inspiring).mp3'}]
[2017-04-21 17:49:18 +0800] [4308] [INFO] Worker exiting (pid: 4308)
[2017-04-21 17:49:18 +0800] [4309] [INFO] Worker exiting (pid: 4309)
[2017-04-21 17:49:18 +0800] [4310] [INFO] Worker exiting (pid: 4310)
[2017-04-21 17:49:19 +0800] [4304] [INFO] Shutting down: Master
[2017-04-21 17:49:22 +0800] [4350] [INFO] Starting gunicorn 19.7.1
[2017-04-21 17:49:22 +0800] [4350] [INFO] Listening at: http://0.0.0.0:80 (4350)
[2017-04-21 17:49:22 +0800] [4350] [INFO] Using worker: sync
[2017-04-21 17:49:22 +0800] [4353] [INFO] Booting worker with pid: 4353
[2017-04-21 17:49:22 +0800] [4354] [INFO] Booting worker with pid: 4354
[2017-04-21 17:49:22 +0800] [4355] [INFO] Booting worker with pid: 4355
[2017-04-21 17:49:22 +0800] [4356] [INFO] Booting worker with pid: 4356
[2017-04-21 17:50:00 +0800] [4350] [INFO] Handling signal: term
[2017-04-21 17:50:00 +0800] [4353] [INFO] Worker exiting (pid: 4353)
[2017-04-21 17:50:00 +0800] [4354] [INFO] Worker exiting (pid: 4354)
[{'name': 'J.T.Peterson - Tales of Neverland（inspiring).mp3'}]
[2017-04-21 17:50:00 +0800] [4355] [INFO] Worker exiting (pid: 4355)
[2017-04-21 17:50:00 +0800] [4356] [INFO] Worker exiting (pid: 4356)
[2017-04-21 17:50:01 +0800] [4350] [INFO] Shutting down: Master
[2017-04-21 17:50:04 +0800] [4370] [INFO] Starting gunicorn 19.7.1
[2017-04-21 17:50:04 +0800] [4370] [INFO] Listening at: http://0.0.0.0:80 (4370)
[2017-04-21 17:50:04 +0800] [4370] [INFO] Using worker: sync
[2017-04-21 17:50:04 +0800] [4373] [INFO] Booting worker with pid: 4373
[2017-04-21 17:50:04 +0800] [4374] [INFO] Booting worker with pid: 4374
[2017-04-21 17:50:04 +0800] [4375] [INFO] Booting worker with pid: 4375
[2017-04-21 17:50:05 +0800] [4376] [INFO] Booting worker with pid: 4376
[2017-04-21 17:50:34 +0800] [4370] [INFO] Handling signal: term
[2017-04-21 17:50:34 +0800] [4376] [INFO] Worker exiting (pid: 4376)
[2017-04-21 17:50:34 +0800] [4373] [INFO] Worker exiting (pid: 4373)
[2017-04-21 17:50:34 +0800] [4374] [INFO] Worker exiting (pid: 4374)
[2017-04-21 17:50:34 +0800] [4375] [INFO] Worker exiting (pid: 4375)
[{'name': 'J.T.Peterson - Tales of Neverland（inspiring).mp3'}]
[2017-04-21 17:50:34 +0800] [4370] [INFO] Shutting down: Master
[2017-04-21 17:50:38 +0800] [4389] [INFO] Starting gunicorn 19.7.1
[2017-04-21 17:50:38 +0800] [4389] [INFO] Listening at: http://0.0.0.0:80 (4389)
[2017-04-21 17:50:38 +0800] [4389] [INFO] Using worker: sync
[2017-04-21 17:50:38 +0800] [4392] [INFO] Booting worker with pid: 4392
[2017-04-21 17:50:38 +0800] [4393] [INFO] Booting worker with pid: 4393
[2017-04-21 17:50:38 +0800] [4394] [INFO] Booting worker with pid: 4394
[2017-04-21 17:50:38 +0800] [4395] [INFO] Booting worker with pid: 4395
[2017-04-21 17:52:51 +0800] [4389] [INFO] Handling signal: term
[2017-04-21 17:52:51 +0800] [4392] [INFO] Worker exiting (pid: 4392)
[{'name': 'J.T.Peterson - Tales of Neverland（inspiring).mp3'}]
[2017-04-21 17:52:51 +0800] [4393] [INFO] Worker exiting (pid: 4393)
[{'name': 'J.T.Peterson - Tales of Neverland（inspiring).mp3'}]
[2017-04-21 17:52:51 +0800] [4394] [INFO] Worker exiting (pid: 4394)
[2017-04-21 17:52:51 +0800] [4395] [INFO] Worker exiting (pid: 4395)
[2017-04-21 17:52:51 +0800] [4389] [INFO] Shutting down: Master
[2017-04-21 17:52:55 +0800] [4416] [INFO] Starting gunicorn 19.7.1
[2017-04-21 17:52:55 +0800] [4416] [INFO] Listening at: http://0.0.0.0:80 (4416)
[2017-04-21 17:52:55 +0800] [4416] [INFO] Using worker: sync
[2017-04-21 17:52:55 +0800] [4419] [INFO] Booting worker with pid: 4419
[2017-04-21 17:52:55 +0800] [4420] [INFO] Booting worker with pid: 4420
[2017-04-21 17:52:55 +0800] [4421] [INFO] Booting worker with pid: 4421
[2017-04-21 17:52:55 +0800] [4422] [INFO] Booting worker with pid: 4422
[2017-04-21 17:54:50 +0800] [4416] [INFO] Handling signal: term
[2017-04-21 17:54:50 +0800] [4420] [INFO] Worker exiting (pid: 4420)
[2017-04-21 17:54:50 +0800] [4421] [INFO] Worker exiting (pid: 4421)
[{'name': 'J.T.Peterson - Tales of Neverland（inspiring).mp3'}]
[2017-04-21 17:54:50 +0800] [4422] [INFO] Worker exiting (pid: 4422)
[2017-04-21 17:54:50 +0800] [4419] [INFO] Worker exiting (pid: 4419)
[{'name': 'J.T.Peterson - Tales of Neverland（inspiring).mp3'}]
[{'name': 'J.T.Peterson - Tales of Neverland（inspiring).mp3'}]
[2017-04-21 17:54:50 +0800] [4416] [INFO] Shutting down: Master
[2017-04-21 17:54:54 +0800] [4442] [INFO] Starting gunicorn 19.7.1
[2017-04-21 17:54:54 +0800] [4442] [INFO] Listening at: http://0.0.0.0:80 (4442)
[2017-04-21 17:54:54 +0800] [4442] [INFO] Using worker: sync
[2017-04-21 17:54:54 +0800] [4445] [INFO] Booting worker with pid: 4445
[2017-04-21 17:54:54 +0800] [4446] [INFO] Booting worker with pid: 4446
[2017-04-21 17:54:54 +0800] [4447] [INFO] Booting worker with pid: 4447
[2017-04-21 17:54:54 +0800] [4448] [INFO] Booting worker with pid: 4448
[2017-04-21 17:57:49 +0800] [4442] [INFO] Handling signal: term
[2017-04-21 17:57:49 +0800] [4448] [INFO] Worker exiting (pid: 4448)
[2017-04-21 17:57:49 +0800] [4445] [INFO] Worker exiting (pid: 4445)
[{'name': 'J.T.Peterson - Tales of Neverland（inspiring).mp3'}]
[2017-04-21 17:57:49 +0800] [4446] [INFO] Worker exiting (pid: 4446)
[2017-04-21 17:57:49 +0800] [4447] [INFO] Worker exiting (pid: 4447)
[2017-04-21 17:57:49 +0800] [4442] [INFO] Shutting down: Master
[2017-04-21 17:57:52 +0800] [4483] [INFO] Starting gunicorn 19.7.1
[2017-04-21 17:57:52 +0800] [4483] [INFO] Listening at: http://0.0.0.0:80 (4483)
[2017-04-21 17:57:52 +0800] [4483] [INFO] Using worker: sync
[2017-04-21 17:57:52 +0800] [4486] [INFO] Booting worker with pid: 4486
[2017-04-21 17:57:52 +0800] [4487] [INFO] Booting worker with pid: 4487
[2017-04-21 17:57:53 +0800] [4488] [INFO] Booting worker with pid: 4488
[2017-04-21 17:57:53 +0800] [4489] [INFO] Booting worker with pid: 4489
[2017-04-21 18:02:30 +0800] [4483] [INFO] Handling signal: term
[2017-04-21 18:02:30 +0800] [4489] [INFO] Worker exiting (pid: 4489)
[{'name': 'J.T.Peterson - Tales of Neverland（inspiring).mp3'}]
[2017-04-21 18:02:30 +0800] [4486] [INFO] Worker exiting (pid: 4486)
[2017-04-21 18:02:30 +0800] [4487] [INFO] Worker exiting (pid: 4487)
[2017-04-21 18:02:30 +0800] [4488] [INFO] Worker exiting (pid: 4488)
[{'name': 'J.T.Peterson - Tales of Neverland（inspiring).mp3'}]
[2017-04-21 18:02:30 +0800] [4483] [INFO] Shutting down: Master
[2017-04-21 18:02:34 +0800] [4523] [INFO] Starting gunicorn 19.7.1
[2017-04-21 18:02:34 +0800] [4523] [INFO] Listening at: http://0.0.0.0:80 (4523)
[2017-04-21 18:02:34 +0800] [4523] [INFO] Using worker: sync
[2017-04-21 18:02:34 +0800] [4526] [INFO] Booting worker with pid: 4526
[2017-04-21 18:02:34 +0800] [4527] [INFO] Booting worker with pid: 4527
[2017-04-21 18:02:34 +0800] [4528] [INFO] Booting worker with pid: 4528
[2017-04-21 18:02:34 +0800] [4529] [INFO] Booting worker with pid: 4529
[2017-04-21 18:03:48 +0800] [4523] [INFO] Handling signal: term
[2017-04-21 18:03:48 +0800] [4528] [INFO] Worker exiting (pid: 4528)
[2017-04-21 18:03:48 +0800] [4529] [INFO] Worker exiting (pid: 4529)
[2017-04-21 18:03:48 +0800] [4526] [INFO] Worker exiting (pid: 4526)
[{'name': 'J.T.Peterson - Tales of Neverland（inspiring).mp3'}]
[2017-04-21 18:03:48 +0800] [4527] [INFO] Worker exiting (pid: 4527)
[2017-04-21 18:03:48 +0800] [4523] [INFO] Shutting down: Master
[2017-04-21 18:03:51 +0800] [4546] [INFO] Starting gunicorn 19.7.1
[2017-04-21 18:03:51 +0800] [4546] [INFO] Listening at: http://0.0.0.0:80 (4546)
[2017-04-21 18:03:51 +0800] [4546] [INFO] Using worker: sync
[2017-04-21 18:03:51 +0800] [4549] [INFO] Booting worker with pid: 4549
[2017-04-21 18:03:52 +0800] [4550] [INFO] Booting worker with pid: 4550
[2017-04-21 18:03:52 +0800] [4551] [INFO] Booting worker with pid: 4551
[2017-04-21 18:03:52 +0800] [4552] [INFO] Booting worker with pid: 4552
[2017-04-21 18:06:01 +0800] [4546] [INFO] Handling signal: term
[2017-04-21 18:06:01 +0800] [4552] [INFO] Worker exiting (pid: 4552)
[2017-04-21 18:06:01 +0800] [4549] [INFO] Worker exiting (pid: 4549)
[2017-04-21 18:06:01 +0800] [4550] [INFO] Worker exiting (pid: 4550)
[2017-04-21 18:06:01 +0800] [4551] [INFO] Worker exiting (pid: 4551)
[{'name': 'J.T.Peterson - Tales of Neverland（inspiring).mp3'}]
[2017-04-21 18:06:01 +0800] [4546] [INFO] Shutting down: Master
[2017-04-21 18:06:05 +0800] [4574] [INFO] Starting gunicorn 19.7.1
[2017-04-21 18:06:05 +0800] [4574] [INFO] Listening at: http://0.0.0.0:80 (4574)
[2017-04-21 18:06:05 +0800] [4574] [INFO] Using worker: sync
[2017-04-21 18:06:05 +0800] [4577] [INFO] Booting worker with pid: 4577
[2017-04-21 18:06:05 +0800] [4578] [INFO] Booting worker with pid: 4578
[2017-04-21 18:06:05 +0800] [4579] [INFO] Booting worker with pid: 4579
[2017-04-21 18:06:05 +0800] [4580] [INFO] Booting worker with pid: 4580
[2017-04-21 18:07:56 +0800] [4574] [INFO] Handling signal: term
[2017-04-21 18:07:56 +0800] [4577] [INFO] Worker exiting (pid: 4577)
[{'name': 'J.T.Peterson - Tales of Neverland（inspiring).mp3'}]
[2017-04-21 18:07:56 +0800] [4578] [INFO] Worker exiting (pid: 4578)
[2017-04-21 18:07:56 +0800] [4579] [INFO] Worker exiting (pid: 4579)
[2017-04-21 18:07:56 +0800] [4580] [INFO] Worker exiting (pid: 4580)
[2017-04-21 18:07:56 +0800] [4574] [INFO] Shutting down: Master
[2017-04-21 18:08:00 +0800] [4601] [INFO] Starting gunicorn 19.7.1
[2017-04-21 18:08:00 +0800] [4601] [INFO] Listening at: http://0.0.0.0:80 (4601)
[2017-04-21 18:08:00 +0800] [4601] [INFO] Using worker: sync
[2017-04-21 18:08:00 +0800] [4604] [INFO] Booting worker with pid: 4604
[2017-04-21 18:08:00 +0800] [4605] [INFO] Booting worker with pid: 4605
[2017-04-21 18:08:00 +0800] [4606] [INFO] Booting worker with pid: 4606
[2017-04-21 18:08:00 +0800] [4607] [INFO] Booting worker with pid: 4607
[2017-04-21 18:08:37 +0800] [4601] [INFO] Handling signal: term
[2017-04-21 18:08:37 +0800] [4604] [INFO] Worker exiting (pid: 4604)
[2017-04-21 18:08:37 +0800] [4605] [INFO] Worker exiting (pid: 4605)
[2017-04-21 18:08:37 +0800] [4606] [INFO] Worker exiting (pid: 4606)
[2017-04-21 18:08:37 +0800] [4607] [INFO] Worker exiting (pid: 4607)
[{'name': 'J.T.Peterson - Tales of Neverland（inspiring).mp3'}]
[2017-04-21 18:08:37 +0800] [4601] [INFO] Shutting down: Master
[2017-04-21 18:08:40 +0800] [4620] [INFO] Starting gunicorn 19.7.1
[2017-04-21 18:08:40 +0800] [4620] [INFO] Listening at: http://0.0.0.0:80 (4620)
[2017-04-21 18:08:40 +0800] [4620] [INFO] Using worker: sync
[2017-04-21 18:08:40 +0800] [4623] [INFO] Booting worker with pid: 4623
[2017-04-21 18:08:40 +0800] [4624] [INFO] Booting worker with pid: 4624
[2017-04-21 18:08:40 +0800] [4625] [INFO] Booting worker with pid: 4625
[2017-04-21 18:08:41 +0800] [4626] [INFO] Booting worker with pid: 4626
[2017-04-21 18:09:46 +0800] [4620] [INFO] Handling signal: term
[2017-04-21 18:09:46 +0800] [4624] [INFO] Worker exiting (pid: 4624)
[2017-04-21 18:09:46 +0800] [4625] [INFO] Worker exiting (pid: 4625)
[2017-04-21 18:09:46 +0800] [4626] [INFO] Worker exiting (pid: 4626)
[2017-04-21 18:09:46 +0800] [4623] [INFO] Worker exiting (pid: 4623)
[{'name': 'J.T.Peterson - Tales of Neverland（inspiring).mp3'}]
[2017-04-21 18:09:46 +0800] [4620] [INFO] Shutting down: Master
[2017-04-21 18:09:50 +0800] [4642] [INFO] Starting gunicorn 19.7.1
[2017-04-21 18:09:50 +0800] [4642] [INFO] Listening at: http://0.0.0.0:80 (4642)
[2017-04-21 18:09:50 +0800] [4642] [INFO] Using worker: sync
[2017-04-21 18:09:50 +0800] [4645] [INFO] Booting worker with pid: 4645
[2017-04-21 18:09:50 +0800] [4646] [INFO] Booting worker with pid: 4646
[2017-04-21 18:09:50 +0800] [4648] [INFO] Booting worker with pid: 4648
[2017-04-21 18:09:50 +0800] [4647] [INFO] Booting worker with pid: 4647
[2017-04-21 18:10:53 +0800] [4642] [INFO] Handling signal: term
[2017-04-21 18:10:53 +0800] [4648] [INFO] Worker exiting (pid: 4648)
[2017-04-21 18:10:53 +0800] [4645] [INFO] Worker exiting (pid: 4645)
[{'name': 'J.T.Peterson - Tales of Neverland（inspiring).mp3'}]
[2017-04-21 18:10:53 +0800] [4646] [INFO] Worker exiting (pid: 4646)
[2017-04-21 18:10:53 +0800] [4647] [INFO] Worker exiting (pid: 4647)
[2017-04-21 18:10:53 +0800] [4642] [INFO] Shutting down: Master
